

*******************************************************************************
Sun Aug 26 09:53:36 2018


FIT:    data read from "1n914.tsv"
        format = z
        #datapoints = 13
        residuals are weighted equally (unit weight)

function used for fitting: f(x)
	f(x) = a*exp(b*x)
fitted parameters initialized with current variable values

iter      chisq       delta/lim  lambda   a             b            
   0 3.0093419706e+02   0.00e+00  1.61e+00    1.000000e+00   1.000000e+00
 920 9.4384685065e-01  -4.71e-02  1.61e-04    6.821106e-06   1.804069e+01

After 920 iterations the fit converged.
final sum of squares of residuals : 0.943847
rel. change during last iteration : -4.7093e-07

degrees of freedom    (FIT_NDF)                        : 11
rms of residuals      (FIT_STDFIT) = sqrt(WSSR/ndf)    : 0.292924
variance of residuals (reduced chisquare) = WSSR/ndf   : 0.0858043

Final set of parameters            Asymptotic Standard Error
=======================            ==========================
a               = 6.82111e-06      +/- 3.224e-06    (47.26%)
b               = 18.0407          +/- 0.5871       (3.254%)

correlation matrix of the fit parameters:
                a      b      
a               1.000 
b              -1.000  1.000 


*******************************************************************************
Sun Aug 26 09:57:29 2018


FIT:    data read from "bat85.tsv"
        format = z
        #datapoints = 18
        residuals are weighted equally (unit weight)

function used for fitting: f(x)
	f(x) = a*exp(b*x)
fitted parameters initialized with current variable values

iter      chisq       delta/lim  lambda   a             b            
   0 5.4647530500e+02   0.00e+00  1.01e-02    6.821106e-06   1.804069e+01

Current data point
=========================
#               = 1 out of 18
x               = 0.000383886    
z               = 13.1           

Current set of parameters
=========================
a               = 0.000383886    
b               = 6706.77        

BREAK: Undefined value during function evaluation

*******************************************************************************
Sun Aug 26 09:58:15 2018


FIT:    data read from "bat85.tsv"
        format = z
        #datapoints = 17
        residuals are weighted equally (unit weight)

function used for fitting: f(x)
	f(x) = a*exp(b*x)
fitted parameters initialized with current variable values


Current data point
=========================
#               = 1 out of 17
x               = 0.000383886    
z               = 13.1           

Current set of parameters
=========================
a               = 0.000383886    
b               = 6706.77        

BREAK: Undefined value during function evaluation

*******************************************************************************
Sun Aug 26 09:58:26 2018


FIT:    data read from "1n914.tsv"
        format = z
        #datapoints = 13
        residuals are weighted equally (unit weight)

function used for fitting: f(x)
	f(x) = a*exp(b*x)
fitted parameters initialized with current variable values


Current data point
=========================
#               = 1 out of 13
x               = 0.000383886    
z               = 0.001          

Current set of parameters
=========================
a               = 0.000383886    
b               = 6706.77        

BREAK: Undefined value during function evaluation

*******************************************************************************
Sun Aug 26 09:58:34 2018


FIT:    data read from "bat85.tsv"
        format = z
        #datapoints = 17
        residuals are weighted equally (unit weight)

function used for fitting: f(x)
	f(x) = a*exp(b*x)
fitted parameters initialized with current variable values


Current data point
=========================
#               = 1 out of 17
x               = 0.000383886    
z               = 13.1           

Current set of parameters
=========================
a               = 0.000383886    
b               = 6706.77        

BREAK: Undefined value during function evaluation

*******************************************************************************
Sun Aug 26 09:58:44 2018


FIT:    data read from "1n914.tsv"
        format = z
        #datapoints = 13
        residuals are weighted equally (unit weight)

function used for fitting: f(x)
	f(x) = a*exp(b*x)
fitted parameters initialized with current variable values


Current data point
=========================
#               = 1 out of 13
x               = 0.000383886    
z               = 0.001          

Current set of parameters
=========================
a               = 0.000383886    
b               = 6706.77        

BREAK: Undefined value during function evaluation

*******************************************************************************
Sun Aug 26 10:00:38 2018


FIT:    data read from "bat85.tsv"
        format = z
        #datapoints = 17
        residuals are weighted equally (unit weight)

function used for fitting: f(x)
	f(x) = a*exp(b*x)
fitted parameters initialized with current variable values

iter      chisq       delta/lim  lambda   a             b            
   0 3.9252356845e+02   0.00e+00  9.70e-01    1.000000e+00   1.000000e+00
 389 4.9507890150e+00  -2.89e-02  9.70e-05    4.222780e-03   2.199610e+01

After 389 iterations the fit converged.
final sum of squares of residuals : 4.95079
rel. change during last iteration : -2.88563e-07

degrees of freedom    (FIT_NDF)                        : 15
rms of residuals      (FIT_STDFIT) = sqrt(WSSR/ndf)    : 0.574502
variance of residuals (reduced chisquare) = WSSR/ndf   : 0.330053

Final set of parameters            Asymptotic Standard Error
=======================            ==========================
a               = 0.00422278       +/- 0.001935     (45.82%)
b               = 21.9961          +/- 1.306        (5.938%)

correlation matrix of the fit parameters:
                a      b      
a               1.000 
b              -0.999  1.000 


*******************************************************************************
Sun Aug 26 10:02:00 2018


FIT:    data read from "redLED.tsv"
        format = z
        #datapoints = 13
        residuals are weighted equally (unit weight)

function used for fitting: f(x)
	f(x) = a*exp(b*x)
fitted parameters initialized with current variable values

iter      chisq       delta/lim  lambda   a             b            
   0 2.2668477411e+33   0.00e+00  4.16e+17    4.222780e-03   2.199610e+01
  11 2.2242788121e+00  -1.86e-09  4.16e+06    1.963822e-16   1.940419e+01

After 11 iterations the fit converged.
final sum of squares of residuals : 2.22428
rel. change during last iteration : -1.85679e-14

degrees of freedom    (FIT_NDF)                        : 11
rms of residuals      (FIT_STDFIT) = sqrt(WSSR/ndf)    : 0.449675
variance of residuals (reduced chisquare) = WSSR/ndf   : 0.202207

Final set of parameters            Asymptotic Standard Error
=======================            ==========================
a               = 1.96382e-16      +/- 4.96e-16     (252.6%)
b               = 19.4042          +/- 1.252        (6.455%)

correlation matrix of the fit parameters:
                a      b      
a               1.000 
b              -1.000  1.000 


*******************************************************************************
Sun Aug 26 10:03:41 2018


FIT:    data read from "blueLED.tsv"
        format = z
        #datapoints = 15
        residuals are weighted equally (unit weight)

function used for fitting: f(x)
	f(x) = a*exp(b*x)
fitted parameters initialized with current variable values

iter      chisq       delta/lim  lambda   a             b            
   0 1.1409808558e+22   0.00e+00  1.23e+12    1.963822e-16   1.940419e+01
1434 5.8110657955e-01  -4.04e-02  1.23e-09    1.363618e-11   8.590173e+00

After 1434 iterations the fit converged.
final sum of squares of residuals : 0.581107
rel. change during last iteration : -4.0397e-07

degrees of freedom    (FIT_NDF)                        : 13
rms of residuals      (FIT_STDFIT) = sqrt(WSSR/ndf)    : 0.211425
variance of residuals (reduced chisquare) = WSSR/ndf   : 0.0447005

Final set of parameters            Asymptotic Standard Error
=======================            ==========================
a               = 1.36362e-11      +/- 1.459e-11    (107%)
b               = 8.59017          +/- 0.3362       (3.914%)

correlation matrix of the fit parameters:
                a      b      
a               1.000 
b              -1.000  1.000 


*******************************************************************************
Sun Aug 26 10:04:49 2018


FIT:    data read from "whiteLED.tsv"
        format = z
        #datapoints = 10
        residuals are weighted equally (unit weight)

function used for fitting: f(x)
	f(x) = a*exp(b*x)
fitted parameters initialized with current variable values

iter      chisq       delta/lim  lambda   a             b            
   0 1.0575007973e+02   0.00e+00  6.57e+00    1.363618e-11   8.590173e+00
 221 1.0383354399e+00  -2.57e-02  6.57e-06    2.100365e-10   8.428090e+00

After 221 iterations the fit converged.
final sum of squares of residuals : 1.03834
rel. change during last iteration : -2.57032e-07

degrees of freedom    (FIT_NDF)                        : 8
rms of residuals      (FIT_STDFIT) = sqrt(WSSR/ndf)    : 0.360266
variance of residuals (reduced chisquare) = WSSR/ndf   : 0.129792

Final set of parameters            Asymptotic Standard Error
=======================            ==========================
a               = 2.10037e-10      +/- 3.522e-10    (167.7%)
b               = 8.42809          +/- 0.5782       (6.861%)

correlation matrix of the fit parameters:
                a      b      
a               1.000 
b              -1.000  1.000 


*******************************************************************************
Sun Aug 26 10:05:33 2018


FIT:    data read from "greenLED.tsv"
        format = z
        #datapoints = 16
        residuals are weighted equally (unit weight)

function used for fitting: f(x)
	f(x) = a*exp(b*x)
fitted parameters initialized with current variable values

iter      chisq       delta/lim  lambda   a             b            
   0 2.6522887987e+03   0.00e+00  2.92e+02    2.100365e-10   8.428090e+00
 372 3.3144282631e-01  -9.54e-01  2.92e+00    1.999083e-12   9.381342e+00

After 372 iterations the fit converged.
final sum of squares of residuals : 0.331443
rel. change during last iteration : -9.53644e-06

degrees of freedom    (FIT_NDF)                        : 14
rms of residuals      (FIT_STDFIT) = sqrt(WSSR/ndf)    : 0.153865
variance of residuals (reduced chisquare) = WSSR/ndf   : 0.0236745

Final set of parameters            Asymptotic Standard Error
=======================            ==========================
a               = 1.99908e-12      +/- 1.604e-12    (80.23%)
b               = 9.38134          +/- 0.2565       (2.734%)

correlation matrix of the fit parameters:
                a      b      
a               1.000 
b              -1.000  1.000 


*******************************************************************************
Sun Aug 26 10:33:07 2018


FIT:    data read from "greenLED.tsv"
        format = z
        #datapoints = 16
        residuals are weighted equally (unit weight)

function used for fitting: f(x)
	f(x) = a*exp(b*x)+c
fitted parameters initialized with current variable values

iter      chisq       delta/lim  lambda   a             b             c            
   0 1.7937950048e+01   0.00e+00  4.77e+01    1.999083e-12   9.381342e+00   1.000000e+00
  72 2.5601912232e-01  -9.94e-01  4.77e-03    5.047020e-12   9.085673e+00  -9.574570e-02

After 72 iterations the fit converged.
final sum of squares of residuals : 0.256019
rel. change during last iteration : -9.93807e-06

degrees of freedom    (FIT_NDF)                        : 13
rms of residuals      (FIT_STDFIT) = sqrt(WSSR/ndf)    : 0.140335
variance of residuals (reduced chisquare) = WSSR/ndf   : 0.0196938

Final set of parameters            Asymptotic Standard Error
=======================            ==========================
a               = 5.04702e-12      +/- 4.429e-12    (87.75%)
b               = 9.08567          +/- 0.2791       (3.072%)
c               = -0.0957457       +/- 0.05052      (52.77%)

correlation matrix of the fit parameters:
                a      b      c      
a               1.000 
b              -1.000  1.000 
c              -0.615  0.609  1.000 


*******************************************************************************
Sun Aug 26 10:34:05 2018


FIT:    data read from "bat85.tsv"
        format = z
        #datapoints = 17
        residuals are weighted equally (unit weight)

function used for fitting: f(x)
	f(x) = a*exp(b*x)+c
fitted parameters initialized with current variable values

iter      chisq       delta/lim  lambda   a             b             c            
   0 5.5961046762e+02   0.00e+00  5.53e-02    5.047020e-12   9.085673e+00  -9.574570e-02
   3 2.9474168823e+02  -1.52e-06  5.53e-05    5.091753e-12   9.381868e+00   3.851471e+00

After 3 iterations the fit converged.
final sum of squares of residuals : 294.742
rel. change during last iteration : -1.52335e-11

degrees of freedom    (FIT_NDF)                        : 14
rms of residuals      (FIT_STDFIT) = sqrt(WSSR/ndf)    : 4.58835
variance of residuals (reduced chisquare) = WSSR/ndf   : 21.053

Final set of parameters            Asymptotic Standard Error
=======================            ==========================
a               = 5.09175e-12      +/- 1.83         (3.594e+13%)
b               = 9.38187          +/- 9.092e+11    (9.691e+12%)
c               = 3.85147          +/- 6.38         (165.6%)

correlation matrix of the fit parameters:
                a      b      c      
a               1.000 
b              -0.998  1.000 
c              -0.954  0.935  1.000 


*******************************************************************************
Sun Aug 26 10:34:34 2018


FIT:    data read from "bat85.tsv"
        format = z
        #datapoints = 17
        residuals are weighted equally (unit weight)

function used for fitting: f(x)
	f(x) = a*exp(b*x)
fitted parameters initialized with current variable values

iter      chisq       delta/lim  lambda   a             b            
   0 5.4691672498e+02   0.00e+00  2.12e-10    5.091753e-12   9.381868e+00

Current data point
=========================
#               = 1 out of 17
x               = 0.00457288     
z               = 13.1           

Current set of parameters
=========================
a               = 0.00457288     
b               = 1.72773e+11    

BREAK: Undefined value during function evaluation

*******************************************************************************
Sun Aug 26 10:35:04 2018


FIT:    data read from 'bat85.tsv'
        format = z
        #datapoints = 17
        residuals are weighted equally (unit weight)

function used for fitting: f(x)
	f(x) = a*exp(b*x)
fitted parameters initialized with current variable values

iter      chisq       delta/lim  lambda   a             b            
   0 3.9252356845e+02   0.00e+00  9.70e-01    1.000000e+00   1.000000e+00
 389 4.9507890150e+00  -2.89e-02  9.70e-05    4.222780e-03   2.199610e+01

After 389 iterations the fit converged.
final sum of squares of residuals : 4.95079
rel. change during last iteration : -2.88563e-07

degrees of freedom    (FIT_NDF)                        : 15
rms of residuals      (FIT_STDFIT) = sqrt(WSSR/ndf)    : 0.574502
variance of residuals (reduced chisquare) = WSSR/ndf   : 0.330053

Final set of parameters            Asymptotic Standard Error
=======================            ==========================
a               = 0.00422278       +/- 0.001935     (45.82%)
b               = 21.9961          +/- 1.306        (5.938%)

correlation matrix of the fit parameters:
                a      b      
a               1.000 
b              -0.999  1.000 


*******************************************************************************
Sun Aug 26 10:41:24 2018


FIT:    data read from '1n914.tsv' using 1:3
        format = x:z
        #datapoints = 13
        residuals are weighted equally (unit weight)

function used for fitting: f(x)
	f(x) = m*x + c
fitted parameters initialized with current variable values

iter      chisq       delta/lim  lambda   m             c            
   0 1.6155989257e+02   0.00e+00  8.37e-01    1.000000e+00   1.000000e+00
   4 2.3157990506e+00  -3.24e-04  8.37e-05    1.800238e+01  -1.194484e+01

After 4 iterations the fit converged.
final sum of squares of residuals : 2.3158
rel. change during last iteration : -3.24005e-09

degrees of freedom    (FIT_NDF)                        : 11
rms of residuals      (FIT_STDFIT) = sqrt(WSSR/ndf)    : 0.458832
variance of residuals (reduced chisquare) = WSSR/ndf   : 0.210527

Final set of parameters            Asymptotic Standard Error
=======================            ==========================
m               = 18.0024          +/- 0.8676       (4.819%)
c               = -11.9448         +/- 0.5502       (4.606%)

correlation matrix of the fit parameters:
                m      c      
m               1.000 
c              -0.973  1.000 


*******************************************************************************
Sun Aug 26 10:42:43 2018


FIT:    data read from 'bat85.tsv' using 1:3
        format = x:z
        #datapoints = 18
        residuals are weighted equally (unit weight)

function used for fitting: f(x)
	f(x) = m*x + c
fitted parameters initialized with current variable values

iter      chisq       delta/lim  lambda   m             c            
   0 8.2795272340e+02   0.00e+00  9.13e+00    1.800238e+01  -1.194484e+01
   4 2.1474510828e+00  -9.17e-06  9.13e-04    3.330603e+01  -9.264391e+00

After 4 iterations the fit converged.
final sum of squares of residuals : 2.14745
rel. change during last iteration : -9.17471e-11

degrees of freedom    (FIT_NDF)                        : 16
rms of residuals      (FIT_STDFIT) = sqrt(WSSR/ndf)    : 0.366355
variance of residuals (reduced chisquare) = WSSR/ndf   : 0.134216

Final set of parameters            Asymptotic Standard Error
=======================            ==========================
m               = 33.306           +/- 0.9939       (2.984%)
c               = -9.26439         +/- 0.2714       (2.929%)

correlation matrix of the fit parameters:
                m      c      
m               1.000 
c              -0.948  1.000 


*******************************************************************************
Sun Aug 26 10:44:00 2018


FIT:    data read from 'redLED.tsv' using 1:3
        format = x:z
        #datapoints = 11
        residuals are weighted equally (unit weight)

function used for fitting: f(x)
	f(x) = m*x + c
fitted parameters initialized with current variable values

iter      chisq       delta/lim  lambda   m             c            
   0 2.9737120460e+04   0.00e+00  4.37e+01    3.330603e+01  -9.264391e+00
   5 8.7236211646e-01  -3.72e-03  4.37e-04    1.828482e+01  -3.372085e+01

After 5 iterations the fit converged.
final sum of squares of residuals : 0.872362
rel. change during last iteration : -3.71926e-08

degrees of freedom    (FIT_NDF)                        : 9
rms of residuals      (FIT_STDFIT) = sqrt(WSSR/ndf)    : 0.311334
variance of residuals (reduced chisquare) = WSSR/ndf   : 0.0969291

Final set of parameters            Asymptotic Standard Error
=======================            ==========================
m               = 18.2848          +/- 0.9628       (5.266%)
c               = -33.7209         +/- 1.766        (5.238%)

correlation matrix of the fit parameters:
                m      c      
m               1.000 
c              -0.999  1.000 


*******************************************************************************
Sun Aug 26 10:44:31 2018


FIT:    data read from 'blueLED.tsv' using 1:3
        format = x:z
        #datapoints = 15
        residuals are weighted equally (unit weight)

function used for fitting: f(x)
	f(x) = m*x + c
fitted parameters initialized with current variable values

iter      chisq       delta/lim  lambda   m             c            
   0 5.8910965070e+03   0.00e+00  4.33e+01    1.828482e+01  -3.372085e+01
   4 1.5701683046e+00  -7.90e-03  4.33e-03    1.393989e+01  -4.138112e+01

After 4 iterations the fit converged.
final sum of squares of residuals : 1.57017
rel. change during last iteration : -7.89921e-08

degrees of freedom    (FIT_NDF)                        : 13
rms of residuals      (FIT_STDFIT) = sqrt(WSSR/ndf)    : 0.347537
variance of residuals (reduced chisquare) = WSSR/ndf   : 0.120782

Final set of parameters            Asymptotic Standard Error
=======================            ==========================
m               = 13.9399          +/- 0.4627       (3.319%)
c               = -41.3811         +/- 1.296        (3.131%)

correlation matrix of the fit parameters:
                m      c      
m               1.000 
c              -0.998  1.000 


*******************************************************************************
Sun Aug 26 10:44:50 2018


FIT:    data read from 'whiteLED.tsv' using 1:3
        format = x:z
        #datapoints = 9
        residuals are weighted equally (unit weight)

function used for fitting: f(x)
	f(x) = m*x + c
fitted parameters initialized with current variable values

iter      chisq       delta/lim  lambda   m             c            
   0 1.1071346690e+02   0.00e+00  3.93e+01    1.393989e+01  -4.138112e+01
   4 2.2333950163e+00  -3.51e-03  3.93e-03    1.406923e+01  -3.825203e+01

After 4 iterations the fit converged.
final sum of squares of residuals : 2.2334
rel. change during last iteration : -3.51125e-08

degrees of freedom    (FIT_NDF)                        : 7
rms of residuals      (FIT_STDFIT) = sqrt(WSSR/ndf)    : 0.564851
variance of residuals (reduced chisquare) = WSSR/ndf   : 0.319056

Final set of parameters            Asymptotic Standard Error
=======================            ==========================
m               = 14.0692          +/- 0.9198       (6.538%)
c               = -38.252          +/- 2.444        (6.389%)

correlation matrix of the fit parameters:
                m      c      
m               1.000 
c              -0.997  1.000 


*******************************************************************************
Sun Aug 26 10:45:07 2018


FIT:    data read from 'whiteLED.tsv' using 1:3
        format = x:z
        #datapoints = 9
        residuals are weighted equally (unit weight)

function used for fitting: f(x)
	f(x) = m*x + c
fitted parameters initialized with current variable values

iter      chisq       delta/lim  lambda   m             c            
   0 2.2333950163e+00   0.00e+00  3.78e+01    1.406923e+01  -3.825203e+01
   1 2.2333950163e+00  -5.57e-10  3.78e+00    1.406923e+01  -3.825203e+01

After 1 iterations the fit converged.
final sum of squares of residuals : 2.2334
rel. change during last iteration : -5.56753e-15

degrees of freedom    (FIT_NDF)                        : 7
rms of residuals      (FIT_STDFIT) = sqrt(WSSR/ndf)    : 0.564851
variance of residuals (reduced chisquare) = WSSR/ndf   : 0.319056

Final set of parameters            Asymptotic Standard Error
=======================            ==========================
m               = 14.0692          +/- 0.9198       (6.538%)
c               = -38.252          +/- 2.444        (6.389%)

correlation matrix of the fit parameters:
                m      c      
m               1.000 
c              -0.997  1.000 


*******************************************************************************
Sun Aug 26 10:45:23 2018


FIT:    data read from 'greenLED.tsv' using 1:3
        format = x:z
        #datapoints = 15
        residuals are weighted equally (unit weight)

function used for fitting: f(x)
	f(x) = m*x + c
fitted parameters initialized with current variable values

iter      chisq       delta/lim  lambda   m             c            
   0 8.1558478133e+01   0.00e+00  3.82e+01    1.406923e+01  -3.825203e+01
   4 4.4983083367e+00  -4.63e-03  3.82e-03    1.105738e+01  -3.223362e+01

After 4 iterations the fit converged.
final sum of squares of residuals : 4.49831
rel. change during last iteration : -4.63299e-08

degrees of freedom    (FIT_NDF)                        : 13
rms of residuals      (FIT_STDFIT) = sqrt(WSSR/ndf)    : 0.588238
variance of residuals (reduced chisquare) = WSSR/ndf   : 0.346024

Final set of parameters            Asymptotic Standard Error
=======================            ==========================
m               = 11.0574          +/- 0.5854       (5.295%)
c               = -32.2336         +/- 1.591        (4.935%)

correlation matrix of the fit parameters:
                m      c      
m               1.000 
c              -0.995  1.000 
